Drill report for C:/Users/khanhj/Documents/GitHub/mechkey_ext_module/ext_module.kicad_pcb
Created on 11/23/2018 12:33:14 AM

Copper Layer Stackup:
    =============================================================
    L1 :  F.Cu                      front
    L2 :  B.Cu                      back


Drill file 'ext_module-PTH.drl' contains
    plated through holes:
    =============================================================
    T1  0.40mm  0.016"  (9 holes)
    T2  0.50mm  0.020"  (4 holes)  (with 4 slots)
    T3  0.55mm  0.022"  (4 holes)  (with 4 slots)
    T4  0.90mm  0.035"  (2 holes)
    T5  1.00mm  0.039"  (32 holes)
    T6  2.30mm  0.091"  (2 holes)

    Total plated holes count 53


Drill file 'ext_module-NPTH.drl' contains
    unplated through holes:
    =============================================================

    Total unplated holes count 0
